<?xml version="1.0" encoding="UTF-8"?>
<!-- Generated by org.testng.reporters.JUnitXMLReporter -->
<testsuite ignored="0" hostname="DESKTOP-6BCGIB4" failures="1" tests="3" name="ErrorValidation Test" time="21.076" errors="0" timestamp="2025-02-09T12:45:46 IST">
  <testcase classname="AutomationFramework.tests.ErrorValidationTest" name="ProductErrorValidation" time="12.891"/>
  <testcase classname="AutomationFramework.tests.ErrorValidationTest" name="incorrectCreds" time="0.408">
    <skipped/>
  </testcase> <!-- incorrectCreds -->
  <testcase classname="AutomationFramework.tests.ErrorValidationTest" name="incorrectCreds" time="0.413">
    <failure type="java.lang.AssertionError" message="expected [Incorrects email or password.] but found [Incorrect email or password.]">
      <![CDATA[java.lang.AssertionError: expected [Incorrects email or password.] but found [Incorrect email or password.]
at AutomationFramework.tests.ErrorValidationTest.incorrectCreds(ErrorValidationTest.java:63)
at java.base/java.util.ArrayList.forEach(ArrayList.java:1511)
at java.base/java.util.concurrent.FutureTask.run(FutureTask.java:264)
at java.base/java.util.concurrent.ThreadPoolExecutor.runWorker(ThreadPoolExecutor.java:1136)
at java.base/java.util.concurrent.ThreadPoolExecutor$Worker.run(ThreadPoolExecutor.java:635)
at java.base/java.lang.Thread.run(Thread.java:840)
... Removed 19 stack frames]]>
    </failure>
  </testcase> <!-- incorrectCreds -->
</testsuite> <!-- ErrorValidation Test -->
